Analysis & Synthesis report for FinalProjectTopLevel
Mon Nov 26 11:22:14 2018
Quartus Prime Version 18.1.0 Build 625 09/12/2018 SJ Lite Edition


---------------------
; Table of Contents ;
---------------------
  1. Legal Notice
  2. Analysis & Synthesis Summary
  3. Analysis & Synthesis Settings
  4. Parallel Compilation
  5. Analysis & Synthesis Source Files Read
  6. Analysis & Synthesis Resource Usage Summary
  7. Analysis & Synthesis Resource Utilization by Entity
  8. Registers Removed During Synthesis
  9. Removed Registers Triggering Further Register Optimizations
 10. General Register Statistics
 11. Multiplexer Restructuring Statistics (Restructuring Performed)
 12. Parameter Settings for User Entity Instance: clkDivider:clk1
 13. Parameter Settings for User Entity Instance: clkDivider:clk0
 14. Parameter Settings for Inferred Entity Instance: RGBcontrol:RGB0|lpm_divide:Mod0
 15. Parameter Settings for Inferred Entity Instance: RGBcontrol:RGB0|lpm_divide:Mod1
 16. Parameter Settings for Inferred Entity Instance: RGBcontrol:RGB0|lpm_divide:Div0
 17. Post-Synthesis Netlist Statistics for Top Partition
 18. Elapsed Time Per Partition
 19. Analysis & Synthesis Messages



----------------
; Legal Notice ;
----------------
Copyright (C) 2018  Intel Corporation. All rights reserved.
Your use of Intel Corporation's design tools, logic functions 
and other software and tools, and its AMPP partner logic 
functions, and any output files from any of the foregoing 
(including device programming or simulation files), and any 
associated documentation or information are expressly subject 
to the terms and conditions of the Intel Program License 
Subscription Agreement, the Intel Quartus Prime License Agreement,
the Intel FPGA IP License Agreement, or other applicable license
agreement, including, without limitation, that your use is for
the sole purpose of programming logic devices manufactured by
Intel and sold by Intel or its authorized distributors.  Please
refer to the applicable agreement for further details.



+----------------------------------------------------------------------------------+
; Analysis & Synthesis Summary                                                     ;
+------------------------------------+---------------------------------------------+
; Analysis & Synthesis Status        ; Successful - Mon Nov 26 11:22:14 2018       ;
; Quartus Prime Version              ; 18.1.0 Build 625 09/12/2018 SJ Lite Edition ;
; Revision Name                      ; FinalProjectTopLevel                        ;
; Top-level Entity Name              ; FinalProjectTopLevel                        ;
; Family                             ; MAX 10                                      ;
; Total logic elements               ; 2,129                                       ;
;     Total combinational functions  ; 2,129                                       ;
;     Dedicated logic registers      ; 261                                         ;
; Total registers                    ; 261                                         ;
; Total pins                         ; 25                                          ;
; Total virtual pins                 ; 0                                           ;
; Total memory bits                  ; 0                                           ;
; Embedded Multiplier 9-bit elements ; 0                                           ;
; Total PLLs                         ; 0                                           ;
; UFM blocks                         ; 0                                           ;
; ADC blocks                         ; 0                                           ;
+------------------------------------+---------------------------------------------+


+----------------------------------------------------------------------------------------------------------------+
; Analysis & Synthesis Settings                                                                                  ;
+------------------------------------------------------------------+----------------------+----------------------+
; Option                                                           ; Setting              ; Default Value        ;
+------------------------------------------------------------------+----------------------+----------------------+
; Device                                                           ; 10M50DAF484C7G       ;                      ;
; Top-level entity name                                            ; FinalProjectTopLevel ; FinalProjectTopLevel ;
; Family name                                                      ; MAX 10               ; Cyclone V            ;
; Use smart compilation                                            ; Off                  ; Off                  ;
; Enable parallel Assembler and Timing Analyzer during compilation ; On                   ; On                   ;
; Enable compact report table                                      ; Off                  ; Off                  ;
; Restructure Multiplexers                                         ; Auto                 ; Auto                 ;
; Create Debugging Nodes for IP Cores                              ; Off                  ; Off                  ;
; Preserve fewer node names                                        ; On                   ; On                   ;
; Intel FPGA IP Evaluation Mode                                    ; Enable               ; Enable               ;
; Verilog Version                                                  ; Verilog_2001         ; Verilog_2001         ;
; VHDL Version                                                     ; VHDL_1993            ; VHDL_1993            ;
; State Machine Processing                                         ; Auto                 ; Auto                 ;
; Safe State Machine                                               ; Off                  ; Off                  ;
; Extract Verilog State Machines                                   ; On                   ; On                   ;
; Extract VHDL State Machines                                      ; On                   ; On                   ;
; Ignore Verilog initial constructs                                ; Off                  ; Off                  ;
; Iteration limit for constant Verilog loops                       ; 5000                 ; 5000                 ;
; Iteration limit for non-constant Verilog loops                   ; 250                  ; 250                  ;
; Add Pass-Through Logic to Inferred RAMs                          ; On                   ; On                   ;
; Infer RAMs from Raw Logic                                        ; On                   ; On                   ;
; Parallel Synthesis                                               ; On                   ; On                   ;
; DSP Block Balancing                                              ; Auto                 ; Auto                 ;
; NOT Gate Push-Back                                               ; On                   ; On                   ;
; Power-Up Don't Care                                              ; On                   ; On                   ;
; Remove Redundant Logic Cells                                     ; Off                  ; Off                  ;
; Remove Duplicate Registers                                       ; On                   ; On                   ;
; Ignore CARRY Buffers                                             ; Off                  ; Off                  ;
; Ignore CASCADE Buffers                                           ; Off                  ; Off                  ;
; Ignore GLOBAL Buffers                                            ; Off                  ; Off                  ;
; Ignore ROW GLOBAL Buffers                                        ; Off                  ; Off                  ;
; Ignore LCELL Buffers                                             ; Off                  ; Off                  ;
; Ignore SOFT Buffers                                              ; On                   ; On                   ;
; Limit AHDL Integers to 32 Bits                                   ; Off                  ; Off                  ;
; Optimization Technique                                           ; Balanced             ; Balanced             ;
; Carry Chain Length                                               ; 70                   ; 70                   ;
; Auto Carry Chains                                                ; On                   ; On                   ;
; Auto Open-Drain Pins                                             ; On                   ; On                   ;
; Perform WYSIWYG Primitive Resynthesis                            ; Off                  ; Off                  ;
; Auto ROM Replacement                                             ; On                   ; On                   ;
; Auto RAM Replacement                                             ; On                   ; On                   ;
; Auto DSP Block Replacement                                       ; On                   ; On                   ;
; Auto Shift Register Replacement                                  ; Auto                 ; Auto                 ;
; Allow Shift Register Merging across Hierarchies                  ; Auto                 ; Auto                 ;
; Auto Clock Enable Replacement                                    ; On                   ; On                   ;
; Strict RAM Replacement                                           ; Off                  ; Off                  ;
; Allow Synchronous Control Signals                                ; On                   ; On                   ;
; Force Use of Synchronous Clear Signals                           ; Off                  ; Off                  ;
; Auto RAM Block Balancing                                         ; On                   ; On                   ;
; Auto RAM to Logic Cell Conversion                                ; Off                  ; Off                  ;
; Auto Resource Sharing                                            ; Off                  ; Off                  ;
; Allow Any RAM Size For Recognition                               ; Off                  ; Off                  ;
; Allow Any ROM Size For Recognition                               ; Off                  ; Off                  ;
; Allow Any Shift Register Size For Recognition                    ; Off                  ; Off                  ;
; Use LogicLock Constraints during Resource Balancing              ; On                   ; On                   ;
; Ignore translate_off and synthesis_off directives                ; Off                  ; Off                  ;
; Timing-Driven Synthesis                                          ; On                   ; On                   ;
; Report Parameter Settings                                        ; On                   ; On                   ;
; Report Source Assignments                                        ; On                   ; On                   ;
; Report Connectivity Checks                                       ; On                   ; On                   ;
; Ignore Maximum Fan-Out Assignments                               ; Off                  ; Off                  ;
; Synchronization Register Chain Length                            ; 2                    ; 2                    ;
; Power Optimization During Synthesis                              ; Normal compilation   ; Normal compilation   ;
; HDL message level                                                ; Level2               ; Level2               ;
; Suppress Register Optimization Related Messages                  ; Off                  ; Off                  ;
; Number of Removed Registers Reported in Synthesis Report         ; 5000                 ; 5000                 ;
; Number of Swept Nodes Reported in Synthesis Report               ; 5000                 ; 5000                 ;
; Number of Inverted Registers Reported in Synthesis Report        ; 100                  ; 100                  ;
; Clock MUX Protection                                             ; On                   ; On                   ;
; Auto Gated Clock Conversion                                      ; Off                  ; Off                  ;
; Block Design Naming                                              ; Auto                 ; Auto                 ;
; SDC constraint protection                                        ; Off                  ; Off                  ;
; Synthesis Effort                                                 ; Auto                 ; Auto                 ;
; Shift Register Replacement - Allow Asynchronous Clear Signal     ; On                   ; On                   ;
; Pre-Mapping Resynthesis Optimization                             ; Off                  ; Off                  ;
; Analysis & Synthesis Message Level                               ; Medium               ; Medium               ;
; Disable Register Merging Across Hierarchies                      ; Auto                 ; Auto                 ;
; Resource Aware Inference For Block RAM                           ; On                   ; On                   ;
+------------------------------------------------------------------+----------------------+----------------------+


+------------------------------------------+
; Parallel Compilation                     ;
+----------------------------+-------------+
; Processors                 ; Number      ;
+----------------------------+-------------+
; Number detected on machine ; 8           ;
; Maximum allowed            ; 4           ;
;                            ;             ;
; Average used               ; 1.00        ;
; Maximum used               ; 4           ;
;                            ;             ;
; Usage by Processor         ; % Time Used ;
;     Processor 1            ; 100.0%      ;
;     Processor 2            ;   0.0%      ;
;     Processor 3            ;   0.0%      ;
;     Processor 4            ;   0.0%      ;
+----------------------------+-------------+


+--------------------------------------------------------------------------------------------------------------------------------------------------------------------------------+
; Analysis & Synthesis Source Files Read                                                                                                                                         ;
+----------------------------------+-----------------+------------------------------------+----------------------------------------------------------------------------+---------+
; File Name with User-Entered Path ; Used in Netlist ; File Type                          ; File Name with Absolute Path                                               ; Library ;
+----------------------------------+-----------------+------------------------------------+----------------------------------------------------------------------------+---------+
; XYcounter.sv                     ; yes             ; User SystemVerilog HDL File        ; C:/intelFPGA_lite/18.1/FinalProject/XYcounter.sv                           ;         ;
; RGBcontrol.sv                    ; yes             ; User SystemVerilog HDL File        ; C:/intelFPGA_lite/18.1/FinalProject/RGBcontrol.sv                          ;         ;
; FinalProjectTopLevel.sv          ; yes             ; User SystemVerilog HDL File        ; C:/intelFPGA_lite/18.1/FinalProject/FinalProjectTopLevel.sv                ;         ;
; ObjectLocation.sv                ; yes             ; User SystemVerilog HDL File        ; C:/intelFPGA_lite/18.1/FinalProject/ObjectLocation.sv                      ;         ;
; multiplexer.sv                   ; yes             ; User SystemVerilog HDL File        ; C:/intelFPGA_lite/18.1/FinalProject/multiplexer.sv                         ;         ;
; clkDivider.sv                    ; yes             ; User SystemVerilog HDL File        ; C:/intelFPGA_lite/18.1/FinalProject/clkDivider.sv                          ;         ;
; ps2_spid.sv                      ; yes             ; Auto-Found SystemVerilog HDL File  ; C:/intelFPGA_lite/18.1/FinalProject/ps2_spid.sv                            ;         ;
; lpm_divide.tdf                   ; yes             ; Megafunction                       ; c:/intelfpga_lite/18.1/quartus/libraries/megafunctions/lpm_divide.tdf      ;         ;
; abs_divider.inc                  ; yes             ; Megafunction                       ; c:/intelfpga_lite/18.1/quartus/libraries/megafunctions/abs_divider.inc     ;         ;
; sign_div_unsign.inc              ; yes             ; Megafunction                       ; c:/intelfpga_lite/18.1/quartus/libraries/megafunctions/sign_div_unsign.inc ;         ;
; aglobal181.inc                   ; yes             ; Megafunction                       ; c:/intelfpga_lite/18.1/quartus/libraries/megafunctions/aglobal181.inc      ;         ;
; db/lpm_divide_i3o.tdf            ; yes             ; Auto-Generated Megafunction        ; C:/intelFPGA_lite/18.1/FinalProject/db/lpm_divide_i3o.tdf                  ;         ;
; db/abs_divider_kbg.tdf           ; yes             ; Auto-Generated Megafunction        ; C:/intelFPGA_lite/18.1/FinalProject/db/abs_divider_kbg.tdf                 ;         ;
; db/alt_u_div_she.tdf             ; yes             ; Auto-Generated Megafunction        ; C:/intelFPGA_lite/18.1/FinalProject/db/alt_u_div_she.tdf                   ;         ;
; db/add_sub_t3c.tdf               ; yes             ; Auto-Generated Megafunction        ; C:/intelFPGA_lite/18.1/FinalProject/db/add_sub_t3c.tdf                     ;         ;
; db/add_sub_u3c.tdf               ; yes             ; Auto-Generated Megafunction        ; C:/intelFPGA_lite/18.1/FinalProject/db/add_sub_u3c.tdf                     ;         ;
; db/lpm_abs_o99.tdf               ; yes             ; Auto-Generated Megafunction        ; C:/intelFPGA_lite/18.1/FinalProject/db/lpm_abs_o99.tdf                     ;         ;
; db/lpm_abs_8b9.tdf               ; yes             ; Auto-Generated Megafunction        ; C:/intelFPGA_lite/18.1/FinalProject/db/lpm_abs_8b9.tdf                     ;         ;
; db/lpm_divide_fbo.tdf            ; yes             ; Auto-Generated Megafunction        ; C:/intelFPGA_lite/18.1/FinalProject/db/lpm_divide_fbo.tdf                  ;         ;
+----------------------------------+-----------------+------------------------------------+----------------------------------------------------------------------------+---------+


+----------------------------------------------------------------------+
; Analysis & Synthesis Resource Usage Summary                          ;
+---------------------------------------------+------------------------+
; Resource                                    ; Usage                  ;
+---------------------------------------------+------------------------+
; Estimated Total logic elements              ; 2,129                  ;
;                                             ;                        ;
; Total combinational functions               ; 2129                   ;
; Logic element usage by number of LUT inputs ;                        ;
;     -- 4 input functions                    ; 512                    ;
;     -- 3 input functions                    ; 648                    ;
;     -- <=2 input functions                  ; 969                    ;
;                                             ;                        ;
; Logic elements by mode                      ;                        ;
;     -- normal mode                          ; 1218                   ;
;     -- arithmetic mode                      ; 911                    ;
;                                             ;                        ;
; Total registers                             ; 261                    ;
;     -- Dedicated logic registers            ; 261                    ;
;     -- I/O registers                        ; 0                      ;
;                                             ;                        ;
; I/O pins                                    ; 25                     ;
;                                             ;                        ;
; Embedded Multiplier 9-bit elements          ; 0                      ;
;                                             ;                        ;
; Maximum fan-out node                        ; clkDivider:clk0|modClk ;
; Maximum fan-out                             ; 132                    ;
; Total fan-out                               ; 6742                   ;
; Average fan-out                             ; 2.76                   ;
+---------------------------------------------+------------------------+


+--------------------------------------------------------------------------------------------------------------------------------------------------------------------------------------------------------------------------------------------------------------------------------------------------------------------------------------------------------------------------+
; Analysis & Synthesis Resource Utilization by Entity                                                                                                                                                                                                                                                                                                                      ;
+------------------------------------------+---------------------+---------------------------+-------------+------------+--------------+---------+-----------+------+--------------+------------+------------------------------------------------------------------------------------------------------------------------------------+----------------------+--------------+
; Compilation Hierarchy Node               ; Combinational ALUTs ; Dedicated Logic Registers ; Memory Bits ; UFM Blocks ; DSP Elements ; DSP 9x9 ; DSP 18x18 ; Pins ; Virtual Pins ; ADC blocks ; Full Hierarchy Name                                                                                                                ; Entity Name          ; Library Name ;
+------------------------------------------+---------------------+---------------------------+-------------+------------+--------------+---------+-----------+------+--------------+------------+------------------------------------------------------------------------------------------------------------------------------------+----------------------+--------------+
; |FinalProjectTopLevel                    ; 2129 (1)            ; 261 (0)                   ; 0           ; 0          ; 0            ; 0       ; 0         ; 25   ; 0            ; 0          ; |FinalProjectTopLevel                                                                                                              ; FinalProjectTopLevel ; work         ;
;    |ObjectLocation:L0|                   ; 67 (67)             ; 64 (64)                   ; 0           ; 0          ; 0            ; 0       ; 0         ; 0    ; 0            ; 0          ; |FinalProjectTopLevel|ObjectLocation:L0                                                                                            ; ObjectLocation       ; work         ;
;    |RGBcontrol:RGB0|                     ; 1763 (207)          ; 0 (0)                     ; 0           ; 0          ; 0            ; 0       ; 0         ; 0    ; 0            ; 0          ; |FinalProjectTopLevel|RGBcontrol:RGB0                                                                                              ; RGBcontrol           ; work         ;
;       |lpm_divide:Div0|                  ; 480 (0)             ; 0 (0)                     ; 0           ; 0          ; 0            ; 0       ; 0         ; 0    ; 0            ; 0          ; |FinalProjectTopLevel|RGBcontrol:RGB0|lpm_divide:Div0                                                                              ; lpm_divide           ; work         ;
;          |lpm_divide_fbo:auto_generated| ; 480 (0)             ; 0 (0)                     ; 0           ; 0          ; 0            ; 0       ; 0         ; 0    ; 0            ; 0          ; |FinalProjectTopLevel|RGBcontrol:RGB0|lpm_divide:Div0|lpm_divide_fbo:auto_generated                                                ; lpm_divide_fbo       ; work         ;
;             |abs_divider_kbg:divider|    ; 480 (4)             ; 0 (0)                     ; 0           ; 0          ; 0            ; 0       ; 0         ; 0    ; 0            ; 0          ; |FinalProjectTopLevel|RGBcontrol:RGB0|lpm_divide:Div0|lpm_divide_fbo:auto_generated|abs_divider_kbg:divider                        ; abs_divider_kbg      ; work         ;
;                |alt_u_div_she:divider|   ; 476 (476)           ; 0 (0)                     ; 0           ; 0          ; 0            ; 0       ; 0         ; 0    ; 0            ; 0          ; |FinalProjectTopLevel|RGBcontrol:RGB0|lpm_divide:Div0|lpm_divide_fbo:auto_generated|abs_divider_kbg:divider|alt_u_div_she:divider  ; alt_u_div_she        ; work         ;
;       |lpm_divide:Mod0|                  ; 535 (0)             ; 0 (0)                     ; 0           ; 0          ; 0            ; 0       ; 0         ; 0    ; 0            ; 0          ; |FinalProjectTopLevel|RGBcontrol:RGB0|lpm_divide:Mod0                                                                              ; lpm_divide           ; work         ;
;          |lpm_divide_i3o:auto_generated| ; 535 (0)             ; 0 (0)                     ; 0           ; 0          ; 0            ; 0       ; 0         ; 0    ; 0            ; 0          ; |FinalProjectTopLevel|RGBcontrol:RGB0|lpm_divide:Mod0|lpm_divide_i3o:auto_generated                                                ; lpm_divide_i3o       ; work         ;
;             |abs_divider_kbg:divider|    ; 535 (4)             ; 0 (0)                     ; 0           ; 0          ; 0            ; 0       ; 0         ; 0    ; 0            ; 0          ; |FinalProjectTopLevel|RGBcontrol:RGB0|lpm_divide:Mod0|lpm_divide_i3o:auto_generated|abs_divider_kbg:divider                        ; abs_divider_kbg      ; work         ;
;                |alt_u_div_she:divider|   ; 486 (486)           ; 0 (0)                     ; 0           ; 0          ; 0            ; 0       ; 0         ; 0    ; 0            ; 0          ; |FinalProjectTopLevel|RGBcontrol:RGB0|lpm_divide:Mod0|lpm_divide_i3o:auto_generated|abs_divider_kbg:divider|alt_u_div_she:divider  ; alt_u_div_she        ; work         ;
;                |lpm_abs_8b9:my_abs_num|  ; 45 (45)             ; 0 (0)                     ; 0           ; 0          ; 0            ; 0       ; 0         ; 0    ; 0            ; 0          ; |FinalProjectTopLevel|RGBcontrol:RGB0|lpm_divide:Mod0|lpm_divide_i3o:auto_generated|abs_divider_kbg:divider|lpm_abs_8b9:my_abs_num ; lpm_abs_8b9          ; work         ;
;       |lpm_divide:Mod1|                  ; 541 (0)             ; 0 (0)                     ; 0           ; 0          ; 0            ; 0       ; 0         ; 0    ; 0            ; 0          ; |FinalProjectTopLevel|RGBcontrol:RGB0|lpm_divide:Mod1                                                                              ; lpm_divide           ; work         ;
;          |lpm_divide_i3o:auto_generated| ; 541 (0)             ; 0 (0)                     ; 0           ; 0          ; 0            ; 0       ; 0         ; 0    ; 0            ; 0          ; |FinalProjectTopLevel|RGBcontrol:RGB0|lpm_divide:Mod1|lpm_divide_i3o:auto_generated                                                ; lpm_divide_i3o       ; work         ;
;             |abs_divider_kbg:divider|    ; 541 (4)             ; 0 (0)                     ; 0           ; 0          ; 0            ; 0       ; 0         ; 0    ; 0            ; 0          ; |FinalProjectTopLevel|RGBcontrol:RGB0|lpm_divide:Mod1|lpm_divide_i3o:auto_generated|abs_divider_kbg:divider                        ; abs_divider_kbg      ; work         ;
;                |alt_u_div_she:divider|   ; 486 (486)           ; 0 (0)                     ; 0           ; 0          ; 0            ; 0       ; 0         ; 0    ; 0            ; 0          ; |FinalProjectTopLevel|RGBcontrol:RGB0|lpm_divide:Mod1|lpm_divide_i3o:auto_generated|abs_divider_kbg:divider|alt_u_div_she:divider  ; alt_u_div_she        ; work         ;
;                |lpm_abs_8b9:my_abs_num|  ; 51 (51)             ; 0 (0)                     ; 0           ; 0          ; 0            ; 0       ; 0         ; 0    ; 0            ; 0          ; |FinalProjectTopLevel|RGBcontrol:RGB0|lpm_divide:Mod1|lpm_divide_i3o:auto_generated|abs_divider_kbg:divider|lpm_abs_8b9:my_abs_num ; lpm_abs_8b9          ; work         ;
;    |XYcounter:X0|                        ; 207 (207)           ; 131 (131)                 ; 0           ; 0          ; 0            ; 0       ; 0         ; 0    ; 0            ; 0          ; |FinalProjectTopLevel|XYcounter:X0                                                                                                 ; XYcounter            ; work         ;
;    |clkDivider:clk0|                     ; 44 (44)             ; 33 (33)                   ; 0           ; 0          ; 0            ; 0       ; 0         ; 0    ; 0            ; 0          ; |FinalProjectTopLevel|clkDivider:clk0                                                                                              ; clkDivider           ; work         ;
;    |clkDivider:clk1|                     ; 44 (44)             ; 33 (33)                   ; 0           ; 0          ; 0            ; 0       ; 0         ; 0    ; 0            ; 0          ; |FinalProjectTopLevel|clkDivider:clk1                                                                                              ; clkDivider           ; work         ;
;    |multiplexer:mux0|                    ; 3 (3)               ; 0 (0)                     ; 0           ; 0          ; 0            ; 0       ; 0         ; 0    ; 0            ; 0          ; |FinalProjectTopLevel|multiplexer:mux0                                                                                             ; multiplexer          ; work         ;
+------------------------------------------+---------------------+---------------------------+-------------+------------+--------------+---------+-----------+------+--------------+------------+------------------------------------------------------------------------------------------------------------------------------------+----------------------+--------------+
Note: For table entries with two numbers listed, the numbers in parentheses indicate the number of resources of the given type used by the specific entity alone. The numbers listed outside of parentheses indicate the total resources of the given type used by the specific entity and all of its sub-entities in the hierarchy.


+--------------------------------------------------------------------------------------+
; Registers Removed During Synthesis                                                   ;
+----------------------------------------+---------------------------------------------+
; Register name                          ; Reason for Removal                          ;
+----------------------------------------+---------------------------------------------+
; ObjectLocation:L0|Ow[0..4]             ; Stuck at GND due to stuck port data_in      ;
; ObjectLocation:L0|Ow[5]                ; Stuck at VCC due to stuck port data_in      ;
; ObjectLocation:L0|Ow[6..31]            ; Stuck at GND due to stuck port data_in      ;
; ObjectLocation:L0|Oh[0..2]             ; Stuck at GND due to stuck port data_in      ;
; ObjectLocation:L0|Oh[3,4]              ; Stuck at VCC due to stuck port data_in      ;
; ObjectLocation:L0|Oh[5..31]            ; Stuck at GND due to stuck port data_in      ;
; PS2_SPID:p0|started                    ; Stuck at GND due to stuck port data_in      ;
; PS2_SPID:p0|stored[1]                  ; Stuck at GND due to stuck port clock_enable ;
; PS2_SPID:p0|count[0..3]                ; Stuck at GND due to stuck port clock_enable ;
; PS2_SPID:p0|prev[0..7]                 ; Stuck at GND due to stuck port clock_enable ;
; PS2_SPID:p0|stored[2..8]               ; Stuck at GND due to stuck port clock_enable ;
; Total Number of Removed Registers = 85 ;                                             ;
+----------------------------------------+---------------------------------------------+


+-------------------------------------------------------------------------------------------------------------------------------------------+
; Removed Registers Triggering Further Register Optimizations                                                                               ;
+---------------------+---------------------------+-----------------------------------------------------------------------------------------+
; Register name       ; Reason for Removal        ; Registers Removed due to This Register                                                  ;
+---------------------+---------------------------+-----------------------------------------------------------------------------------------+
; PS2_SPID:p0|started ; Stuck at GND              ; PS2_SPID:p0|stored[1], PS2_SPID:p0|count[3], PS2_SPID:p0|count[2],                      ;
;                     ; due to stuck port data_in ; PS2_SPID:p0|count[1], PS2_SPID:p0|count[0], PS2_SPID:p0|prev[7], PS2_SPID:p0|prev[6],   ;
;                     ;                           ; PS2_SPID:p0|prev[5], PS2_SPID:p0|prev[4], PS2_SPID:p0|prev[3], PS2_SPID:p0|prev[2],     ;
;                     ;                           ; PS2_SPID:p0|prev[1], PS2_SPID:p0|prev[0], PS2_SPID:p0|stored[2], PS2_SPID:p0|stored[3], ;
;                     ;                           ; PS2_SPID:p0|stored[4], PS2_SPID:p0|stored[5], PS2_SPID:p0|stored[6],                    ;
;                     ;                           ; PS2_SPID:p0|stored[7], PS2_SPID:p0|stored[8]                                            ;
+---------------------+---------------------------+-----------------------------------------------------------------------------------------+


+------------------------------------------------------+
; General Register Statistics                          ;
+----------------------------------------------+-------+
; Statistic                                    ; Value ;
+----------------------------------------------+-------+
; Total registers                              ; 261   ;
; Number of registers using Synchronous Clear  ; 123   ;
; Number of registers using Synchronous Load   ; 96    ;
; Number of registers using Asynchronous Clear ; 0     ;
; Number of registers using Asynchronous Load  ; 0     ;
; Number of registers using Clock Enable       ; 127   ;
; Number of registers using Preset             ; 0     ;
+----------------------------------------------+-------+


+----------------------------------------------------------------------------------------------------------------------------------------------------------------+
; Multiplexer Restructuring Statistics (Restructuring Performed)                                                                                                 ;
+--------------------+-----------+---------------+----------------------+------------------------+------------+--------------------------------------------------+
; Multiplexer Inputs ; Bus Width ; Baseline Area ; Area if Restructured ; Saving if Restructured ; Registered ; Example Multiplexer Output                       ;
+--------------------+-----------+---------------+----------------------+------------------------+------------+--------------------------------------------------+
; 3:1                ; 32 bits   ; 64 LEs        ; 32 LEs               ; 32 LEs                 ; Yes        ; |FinalProjectTopLevel|clkDivider:clk0|counter[9] ;
; 3:1                ; 32 bits   ; 64 LEs        ; 32 LEs               ; 32 LEs                 ; Yes        ; |FinalProjectTopLevel|clkDivider:clk1|counter[5] ;
; 3:1                ; 32 bits   ; 64 LEs        ; 32 LEs               ; 32 LEs                 ; Yes        ; |FinalProjectTopLevel|XYcounter:X0|x[25]         ;
; 3:1                ; 31 bits   ; 62 LEs        ; 31 LEs               ; 31 LEs                 ; Yes        ; |FinalProjectTopLevel|XYcounter:X0|y[7]          ;
; 4:1                ; 32 bits   ; 64 LEs        ; 32 LEs               ; 32 LEs                 ; Yes        ; |FinalProjectTopLevel|XYcounter:X0|vcount[10]    ;
; 7:1                ; 32 bits   ; 128 LEs       ; 32 LEs               ; 96 LEs                 ; Yes        ; |FinalProjectTopLevel|ObjectLocation:L0|Oy[14]   ;
; 6:1                ; 32 bits   ; 128 LEs       ; 32 LEs               ; 96 LEs                 ; Yes        ; |FinalProjectTopLevel|ObjectLocation:L0|Ox[17]   ;
; 3:1                ; 12 bits   ; 24 LEs        ; 24 LEs               ; 0 LEs                  ; No         ; |FinalProjectTopLevel|RGBcontrol:RGB0|VGA_B[2]   ;
; 4:1                ; 3 bits    ; 6 LEs         ; 6 LEs                ; 0 LEs                  ; No         ; |FinalProjectTopLevel|multiplexer:mux0|Mux0      ;
+--------------------+-----------+---------------+----------------------+------------------------+------------+--------------------------------------------------+


+--------------------------------------------------------------+
; Parameter Settings for User Entity Instance: clkDivider:clk1 ;
+----------------+--------+------------------------------------+
; Parameter Name ; Value  ; Type                               ;
+----------------+--------+------------------------------------+
; N              ; 100000 ; Signed Integer                     ;
+----------------+--------+------------------------------------+
Note: In order to hide this table in the UI and the text report file, please set the "Show Parameter Settings in Synthesis Report" option in "Analysis and Synthesis Settings -> More Settings" to "Off".


+--------------------------------------------------------------+
; Parameter Settings for User Entity Instance: clkDivider:clk0 ;
+----------------+-------+-------------------------------------+
; Parameter Name ; Value ; Type                                ;
+----------------+-------+-------------------------------------+
; N              ; 2     ; Signed Integer                      ;
+----------------+-------+-------------------------------------+
Note: In order to hide this table in the UI and the text report file, please set the "Show Parameter Settings in Synthesis Report" option in "Analysis and Synthesis Settings -> More Settings" to "Off".


+----------------------------------------------------------------------------------+
; Parameter Settings for Inferred Entity Instance: RGBcontrol:RGB0|lpm_divide:Mod0 ;
+------------------------+----------------+----------------------------------------+
; Parameter Name         ; Value          ; Type                                   ;
+------------------------+----------------+----------------------------------------+
; LPM_WIDTHN             ; 32             ; Untyped                                ;
; LPM_WIDTHD             ; 5              ; Untyped                                ;
; LPM_NREPRESENTATION    ; SIGNED         ; Untyped                                ;
; LPM_DREPRESENTATION    ; SIGNED         ; Untyped                                ;
; LPM_PIPELINE           ; 0              ; Untyped                                ;
; LPM_REMAINDERPOSITIVE  ; FALSE          ; Untyped                                ;
; MAXIMIZE_SPEED         ; 5              ; Untyped                                ;
; CBXI_PARAMETER         ; lpm_divide_i3o ; Untyped                                ;
; CARRY_CHAIN            ; MANUAL         ; Untyped                                ;
; OPTIMIZE_FOR_SPEED     ; 5              ; Untyped                                ;
; AUTO_CARRY_CHAINS      ; ON             ; AUTO_CARRY                             ;
; IGNORE_CARRY_BUFFERS   ; OFF            ; IGNORE_CARRY                           ;
; AUTO_CASCADE_CHAINS    ; ON             ; AUTO_CASCADE                           ;
; IGNORE_CASCADE_BUFFERS ; OFF            ; IGNORE_CASCADE                         ;
+------------------------+----------------+----------------------------------------+
Note: In order to hide this table in the UI and the text report file, please set the "Show Parameter Settings in Synthesis Report" option in "Analysis and Synthesis Settings -> More Settings" to "Off".


+----------------------------------------------------------------------------------+
; Parameter Settings for Inferred Entity Instance: RGBcontrol:RGB0|lpm_divide:Mod1 ;
+------------------------+----------------+----------------------------------------+
; Parameter Name         ; Value          ; Type                                   ;
+------------------------+----------------+----------------------------------------+
; LPM_WIDTHN             ; 32             ; Untyped                                ;
; LPM_WIDTHD             ; 5              ; Untyped                                ;
; LPM_NREPRESENTATION    ; SIGNED         ; Untyped                                ;
; LPM_DREPRESENTATION    ; SIGNED         ; Untyped                                ;
; LPM_PIPELINE           ; 0              ; Untyped                                ;
; LPM_REMAINDERPOSITIVE  ; FALSE          ; Untyped                                ;
; MAXIMIZE_SPEED         ; 5              ; Untyped                                ;
; CBXI_PARAMETER         ; lpm_divide_i3o ; Untyped                                ;
; CARRY_CHAIN            ; MANUAL         ; Untyped                                ;
; OPTIMIZE_FOR_SPEED     ; 5              ; Untyped                                ;
; AUTO_CARRY_CHAINS      ; ON             ; AUTO_CARRY                             ;
; IGNORE_CARRY_BUFFERS   ; OFF            ; IGNORE_CARRY                           ;
; AUTO_CASCADE_CHAINS    ; ON             ; AUTO_CASCADE                           ;
; IGNORE_CASCADE_BUFFERS ; OFF            ; IGNORE_CASCADE                         ;
+------------------------+----------------+----------------------------------------+
Note: In order to hide this table in the UI and the text report file, please set the "Show Parameter Settings in Synthesis Report" option in "Analysis and Synthesis Settings -> More Settings" to "Off".


+----------------------------------------------------------------------------------+
; Parameter Settings for Inferred Entity Instance: RGBcontrol:RGB0|lpm_divide:Div0 ;
+------------------------+----------------+----------------------------------------+
; Parameter Name         ; Value          ; Type                                   ;
+------------------------+----------------+----------------------------------------+
; LPM_WIDTHN             ; 32             ; Untyped                                ;
; LPM_WIDTHD             ; 5              ; Untyped                                ;
; LPM_NREPRESENTATION    ; SIGNED         ; Untyped                                ;
; LPM_DREPRESENTATION    ; SIGNED         ; Untyped                                ;
; LPM_PIPELINE           ; 0              ; Untyped                                ;
; LPM_REMAINDERPOSITIVE  ; FALSE          ; Untyped                                ;
; MAXIMIZE_SPEED         ; 5              ; Untyped                                ;
; CBXI_PARAMETER         ; lpm_divide_fbo ; Untyped                                ;
; CARRY_CHAIN            ; MANUAL         ; Untyped                                ;
; OPTIMIZE_FOR_SPEED     ; 5              ; Untyped                                ;
; AUTO_CARRY_CHAINS      ; ON             ; AUTO_CARRY                             ;
; IGNORE_CARRY_BUFFERS   ; OFF            ; IGNORE_CARRY                           ;
; AUTO_CASCADE_CHAINS    ; ON             ; AUTO_CASCADE                           ;
; IGNORE_CASCADE_BUFFERS ; OFF            ; IGNORE_CASCADE                         ;
+------------------------+----------------+----------------------------------------+
Note: In order to hide this table in the UI and the text report file, please set the "Show Parameter Settings in Synthesis Report" option in "Analysis and Synthesis Settings -> More Settings" to "Off".


+-----------------------------------------------------+
; Post-Synthesis Netlist Statistics for Top Partition ;
+-----------------------+-----------------------------+
; Type                  ; Count                       ;
+-----------------------+-----------------------------+
; boundary_port         ; 25                          ;
; cycloneiii_ff         ; 261                         ;
;     ENA               ; 36                          ;
;     ENA SCLR          ; 27                          ;
;     ENA SLD           ; 64                          ;
;     SCLR              ; 64                          ;
;     SCLR SLD          ; 32                          ;
;     plain             ; 38                          ;
; cycloneiii_lcell_comb ; 2129                        ;
;     arith             ; 911                         ;
;         2 data inputs ; 304                         ;
;         3 data inputs ; 607                         ;
;     normal            ; 1218                        ;
;         0 data inputs ; 88                          ;
;         1 data inputs ; 8                           ;
;         2 data inputs ; 569                         ;
;         3 data inputs ; 41                          ;
;         4 data inputs ; 512                         ;
;                       ;                             ;
; Max LUT depth         ; 89.50                       ;
; Average LUT depth     ; 57.80                       ;
+-----------------------+-----------------------------+


+-------------------------------+
; Elapsed Time Per Partition    ;
+----------------+--------------+
; Partition Name ; Elapsed Time ;
+----------------+--------------+
; Top            ; 00:00:02     ;
+----------------+--------------+


+-------------------------------+
; Analysis & Synthesis Messages ;
+-------------------------------+
Info: *******************************************************************
Info: Running Quartus Prime Analysis & Synthesis
    Info: Version 18.1.0 Build 625 09/12/2018 SJ Lite Edition
    Info: Processing started: Mon Nov 26 11:21:59 2018
Info: Command: quartus_map --read_settings_files=on --write_settings_files=off FinalProject -c FinalProjectTopLevel
Warning (18236): Number of processors has not been specified which may cause overloading on shared machines.  Set the global assignment NUM_PARALLEL_PROCESSORS in your QSF to an appropriate value for best performance.
Info (20030): Parallel compilation is enabled and will use 4 of the 4 processors detected
Warning (12019): Can't analyze file -- file Lab6TopLevel.sv is missing
Info (12021): Found 1 design units, including 1 entities, in source file xycounter.sv
    Info (12023): Found entity 1: XYcounter File: C:/intelFPGA_lite/18.1/FinalProject/XYcounter.sv Line: 1
Warning (12019): Can't analyze file -- file clkmodifier.sv is missing
Info (12021): Found 1 design units, including 1 entities, in source file rgbcontrol.sv
    Info (12023): Found entity 1: RGBcontrol File: C:/intelFPGA_lite/18.1/FinalProject/RGBcontrol.sv Line: 1
Info (12021): Found 1 design units, including 1 entities, in source file finalprojecttoplevel.sv
    Info (12023): Found entity 1: FinalProjectTopLevel File: C:/intelFPGA_lite/18.1/FinalProject/FinalProjectTopLevel.sv Line: 1
Info (12021): Found 1 design units, including 1 entities, in source file objectlocation.sv
    Info (12023): Found entity 1: ObjectLocation File: C:/intelFPGA_lite/18.1/FinalProject/ObjectLocation.sv Line: 1
Warning (12019): Can't analyze file -- file mux.sv is missing
Info (12021): Found 1 design units, including 1 entities, in source file multiplexer.sv
    Info (12023): Found entity 1: multiplexer File: C:/intelFPGA_lite/18.1/FinalProject/multiplexer.sv Line: 1
Info (12021): Found 1 design units, including 1 entities, in source file clkdivider.sv
    Info (12023): Found entity 1: clkDivider File: C:/intelFPGA_lite/18.1/FinalProject/clkDivider.sv Line: 1
Warning (12019): Can't analyze file -- file IRDecoder.sv is missing
Info (12127): Elaborating entity "FinalProjectTopLevel" for the top level hierarchy
Warning (12125): Using design file ps2_spid.sv, which is not specified as a design file for the current project, but contains definitions for 1 design units and 1 entities in project
    Info (12023): Found entity 1: PS2_SPID File: C:/intelFPGA_lite/18.1/FinalProject/ps2_spid.sv Line: 1
Info (12128): Elaborating entity "PS2_SPID" for hierarchy "PS2_SPID:p0" File: C:/intelFPGA_lite/18.1/FinalProject/FinalProjectTopLevel.sv Line: 15
Warning (10230): Verilog HDL assignment warning at ps2_spid.sv(20): truncated value with size 32 to match size of target (4) File: C:/intelFPGA_lite/18.1/FinalProject/ps2_spid.sv Line: 20
Info (12128): Elaborating entity "multiplexer" for hierarchy "multiplexer:mux0" File: C:/intelFPGA_lite/18.1/FinalProject/FinalProjectTopLevel.sv Line: 16
Info (12128): Elaborating entity "ObjectLocation" for hierarchy "ObjectLocation:L0" File: C:/intelFPGA_lite/18.1/FinalProject/FinalProjectTopLevel.sv Line: 17
Info (12128): Elaborating entity "clkDivider" for hierarchy "clkDivider:clk1" File: C:/intelFPGA_lite/18.1/FinalProject/FinalProjectTopLevel.sv Line: 18
Info (12128): Elaborating entity "clkDivider" for hierarchy "clkDivider:clk0" File: C:/intelFPGA_lite/18.1/FinalProject/FinalProjectTopLevel.sv Line: 19
Info (12128): Elaborating entity "XYcounter" for hierarchy "XYcounter:X0" File: C:/intelFPGA_lite/18.1/FinalProject/FinalProjectTopLevel.sv Line: 20
Info (12128): Elaborating entity "RGBcontrol" for hierarchy "RGBcontrol:RGB0" File: C:/intelFPGA_lite/18.1/FinalProject/FinalProjectTopLevel.sv Line: 21
Warning (10230): Verilog HDL assignment warning at RGBcontrol.sv(12): truncated value with size 32 to match size of target (4) File: C:/intelFPGA_lite/18.1/FinalProject/RGBcontrol.sv Line: 12
Warning (10230): Verilog HDL assignment warning at RGBcontrol.sv(13): truncated value with size 32 to match size of target (4) File: C:/intelFPGA_lite/18.1/FinalProject/RGBcontrol.sv Line: 13
Warning (10230): Verilog HDL assignment warning at RGBcontrol.sv(14): truncated value with size 32 to match size of target (4) File: C:/intelFPGA_lite/18.1/FinalProject/RGBcontrol.sv Line: 14
Warning (10230): Verilog HDL assignment warning at RGBcontrol.sv(18): truncated value with size 32 to match size of target (4) File: C:/intelFPGA_lite/18.1/FinalProject/RGBcontrol.sv Line: 18
Warning (10230): Verilog HDL assignment warning at RGBcontrol.sv(19): truncated value with size 32 to match size of target (4) File: C:/intelFPGA_lite/18.1/FinalProject/RGBcontrol.sv Line: 19
Info (278001): Inferred 3 megafunctions from design logic
    Info (278004): Inferred divider/modulo megafunction ("lpm_divide") from the following logic: "RGBcontrol:RGB0|Mod0" File: C:/intelFPGA_lite/18.1/FinalProject/RGBcontrol.sv Line: 12
    Info (278004): Inferred divider/modulo megafunction ("lpm_divide") from the following logic: "RGBcontrol:RGB0|Mod1" File: C:/intelFPGA_lite/18.1/FinalProject/RGBcontrol.sv Line: 13
    Info (278004): Inferred divider/modulo megafunction ("lpm_divide") from the following logic: "RGBcontrol:RGB0|Div0" File: C:/intelFPGA_lite/18.1/FinalProject/RGBcontrol.sv Line: 14
Info (12130): Elaborated megafunction instantiation "RGBcontrol:RGB0|lpm_divide:Mod0" File: C:/intelFPGA_lite/18.1/FinalProject/RGBcontrol.sv Line: 12
Info (12133): Instantiated megafunction "RGBcontrol:RGB0|lpm_divide:Mod0" with the following parameter: File: C:/intelFPGA_lite/18.1/FinalProject/RGBcontrol.sv Line: 12
    Info (12134): Parameter "LPM_WIDTHN" = "32"
    Info (12134): Parameter "LPM_WIDTHD" = "5"
    Info (12134): Parameter "LPM_NREPRESENTATION" = "SIGNED"
    Info (12134): Parameter "LPM_DREPRESENTATION" = "SIGNED"
    Info (12134): Parameter "LPM_HINT" = "LPM_REMAINDERPOSITIVE=FALSE"
Info (12021): Found 1 design units, including 1 entities, in source file db/lpm_divide_i3o.tdf
    Info (12023): Found entity 1: lpm_divide_i3o File: C:/intelFPGA_lite/18.1/FinalProject/db/lpm_divide_i3o.tdf Line: 24
Info (12021): Found 1 design units, including 1 entities, in source file db/abs_divider_kbg.tdf
    Info (12023): Found entity 1: abs_divider_kbg File: C:/intelFPGA_lite/18.1/FinalProject/db/abs_divider_kbg.tdf Line: 28
Info (12021): Found 1 design units, including 1 entities, in source file db/alt_u_div_she.tdf
    Info (12023): Found entity 1: alt_u_div_she File: C:/intelFPGA_lite/18.1/FinalProject/db/alt_u_div_she.tdf Line: 26
Info (12021): Found 1 design units, including 1 entities, in source file db/add_sub_t3c.tdf
    Info (12023): Found entity 1: add_sub_t3c File: C:/intelFPGA_lite/18.1/FinalProject/db/add_sub_t3c.tdf Line: 22
Info (12021): Found 1 design units, including 1 entities, in source file db/add_sub_u3c.tdf
    Info (12023): Found entity 1: add_sub_u3c File: C:/intelFPGA_lite/18.1/FinalProject/db/add_sub_u3c.tdf Line: 22
Info (12021): Found 1 design units, including 1 entities, in source file db/lpm_abs_o99.tdf
    Info (12023): Found entity 1: lpm_abs_o99 File: C:/intelFPGA_lite/18.1/FinalProject/db/lpm_abs_o99.tdf Line: 24
Info (12021): Found 1 design units, including 1 entities, in source file db/lpm_abs_8b9.tdf
    Info (12023): Found entity 1: lpm_abs_8b9 File: C:/intelFPGA_lite/18.1/FinalProject/db/lpm_abs_8b9.tdf Line: 24
Info (12130): Elaborated megafunction instantiation "RGBcontrol:RGB0|lpm_divide:Div0" File: C:/intelFPGA_lite/18.1/FinalProject/RGBcontrol.sv Line: 14
Info (12133): Instantiated megafunction "RGBcontrol:RGB0|lpm_divide:Div0" with the following parameter: File: C:/intelFPGA_lite/18.1/FinalProject/RGBcontrol.sv Line: 14
    Info (12134): Parameter "LPM_WIDTHN" = "32"
    Info (12134): Parameter "LPM_WIDTHD" = "5"
    Info (12134): Parameter "LPM_NREPRESENTATION" = "SIGNED"
    Info (12134): Parameter "LPM_DREPRESENTATION" = "SIGNED"
    Info (12134): Parameter "LPM_HINT" = "LPM_REMAINDERPOSITIVE=FALSE"
Info (12021): Found 1 design units, including 1 entities, in source file db/lpm_divide_fbo.tdf
    Info (12023): Found entity 1: lpm_divide_fbo File: C:/intelFPGA_lite/18.1/FinalProject/db/lpm_divide_fbo.tdf Line: 24
Info (13014): Ignored 93 buffer(s)
    Info (13016): Ignored 93 CARRY_SUM buffer(s)
Info (286030): Timing-Driven Synthesis is running
Info (16010): Generating hard_block partition "hard_block:auto_generated_inst"
    Info (16011): Adding 0 node(s), including 0 DDIO, 0 PLL, 0 transceiver and 0 LCELL
Warning (21074): Design contains 1 input pin(s) that do not drive logic
    Warning (15610): No output dependent on input pin "ps2In" File: C:/intelFPGA_lite/18.1/FinalProject/FinalProjectTopLevel.sv Line: 2
Info (21057): Implemented 2154 device resources after synthesis - the final resource count might be different
    Info (21058): Implemented 11 input pins
    Info (21059): Implemented 14 output pins
    Info (21061): Implemented 2129 logic cells
Info: Quartus Prime Analysis & Synthesis was successful. 0 errors, 14 warnings
    Info: Peak virtual memory: 4808 megabytes
    Info: Processing ended: Mon Nov 26 11:22:14 2018
    Info: Elapsed time: 00:00:15
    Info: Total CPU time (on all processors): 00:00:30


